<?xml version="1.0" encoding="UTF-8"?>
<testsuite xmlns:xsi="http://www.w3.org/2001/XMLSchema-instance" xsi:noNamespaceSchemaLocation="https://maven.apache.org/surefire/maven-surefire-plugin/xsd/surefire-test-report-3.0.xsd" version="3.0" name="TestSuite" time="203.062" tests="6" errors="0" skipped="0" failures="4">
  <properties>
    <property name="sun.desktop" value="gnome"/>
    <property name="awt.toolkit" value="sun.awt.X11.XToolkit"/>
    <property name="file.encoding.pkg" value="sun.io"/>
    <property name="java.specification.version" value="1.8"/>
    <property name="sun.cpu.isalist" value=""/>
    <property name="sun.jnu.encoding" value="UTF-8"/>
    <property name="java.class.path" value="/home/oncall/eclipse-workspace/flipkartAutomationV2/target/test-classes:/home/oncall/eclipse-workspace/flipkartAutomationV2/target/classes:/home/oncall/.m2/repository/junit/junit/3.8.1/junit-3.8.1.jar:/home/oncall/.m2/repository/org/seleniumhq/selenium/selenium-java/3.14.0/selenium-java-3.14.0.jar:/home/oncall/.m2/repository/org/seleniumhq/selenium/selenium-api/3.14.0/selenium-api-3.14.0.jar:/home/oncall/.m2/repository/org/seleniumhq/selenium/selenium-chrome-driver/3.14.0/selenium-chrome-driver-3.14.0.jar:/home/oncall/.m2/repository/org/seleniumhq/selenium/selenium-edge-driver/3.14.0/selenium-edge-driver-3.14.0.jar:/home/oncall/.m2/repository/org/seleniumhq/selenium/selenium-firefox-driver/3.14.0/selenium-firefox-driver-3.14.0.jar:/home/oncall/.m2/repository/org/seleniumhq/selenium/selenium-ie-driver/3.14.0/selenium-ie-driver-3.14.0.jar:/home/oncall/.m2/repository/org/seleniumhq/selenium/selenium-opera-driver/3.14.0/selenium-opera-driver-3.14.0.jar:/home/oncall/.m2/repository/org/seleniumhq/selenium/selenium-remote-driver/3.14.0/selenium-remote-driver-3.14.0.jar:/home/oncall/.m2/repository/org/seleniumhq/selenium/selenium-safari-driver/3.14.0/selenium-safari-driver-3.14.0.jar:/home/oncall/.m2/repository/org/seleniumhq/selenium/selenium-support/3.14.0/selenium-support-3.14.0.jar:/home/oncall/.m2/repository/net/bytebuddy/byte-buddy/1.8.15/byte-buddy-1.8.15.jar:/home/oncall/.m2/repository/org/apache/commons/commons-exec/1.3/commons-exec-1.3.jar:/home/oncall/.m2/repository/commons-codec/commons-codec/1.10/commons-codec-1.10.jar:/home/oncall/.m2/repository/commons-logging/commons-logging/1.2/commons-logging-1.2.jar:/home/oncall/.m2/repository/com/google/guava/guava/25.0-jre/guava-25.0-jre.jar:/home/oncall/.m2/repository/com/google/code/findbugs/jsr305/1.3.9/jsr305-1.3.9.jar:/home/oncall/.m2/repository/org/checkerframework/checker-compat-qual/2.0.0/checker-compat-qual-2.0.0.jar:/home/oncall/.m2/repository/com/google/errorprone/error_prone_annotations/2.1.3/error_prone_annotations-2.1.3.jar:/home/oncall/.m2/repository/com/google/j2objc/j2objc-annotations/1.1/j2objc-annotations-1.1.jar:/home/oncall/.m2/repository/org/codehaus/mojo/animal-sniffer-annotations/1.14/animal-sniffer-annotations-1.14.jar:/home/oncall/.m2/repository/org/apache/httpcomponents/httpclient/4.5.5/httpclient-4.5.5.jar:/home/oncall/.m2/repository/org/apache/httpcomponents/httpcore/4.4.9/httpcore-4.4.9.jar:/home/oncall/.m2/repository/com/squareup/okhttp3/okhttp/3.10.0/okhttp-3.10.0.jar:/home/oncall/.m2/repository/com/squareup/okio/okio/1.14.1/okio-1.14.1.jar:/home/oncall/.m2/repository/org/testng/testng/6.14.3/testng-6.14.3.jar:/home/oncall/.m2/repository/com/beust/jcommander/1.72/jcommander-1.72.jar:/home/oncall/.m2/repository/org/apache-extras/beanshell/bsh/2.0b6/bsh-2.0b6.jar:/home/oncall/.m2/repository/org/apache/poi/poi/3.17/poi-3.17.jar:/home/oncall/.m2/repository/org/apache/commons/commons-collections4/4.1/commons-collections4-4.1.jar:/home/oncall/.m2/repository/org/apache/poi/poi-ooxml/3.17/poi-ooxml-3.17.jar:/home/oncall/.m2/repository/org/apache/poi/poi-ooxml-schemas/3.17/poi-ooxml-schemas-3.17.jar:/home/oncall/.m2/repository/org/apache/xmlbeans/xmlbeans/2.6.0/xmlbeans-2.6.0.jar:/home/oncall/.m2/repository/stax/stax-api/1.0.1/stax-api-1.0.1.jar:/home/oncall/.m2/repository/com/github/virtuald/curvesapi/1.04/curvesapi-1.04.jar:/home/oncall/.m2/repository/com/aventstack/extentreports/3.1.2/extentreports-3.1.2.jar:/home/oncall/.m2/repository/org/freemarker/freemarker/2.3.23/freemarker-2.3.23.jar:/home/oncall/.m2/repository/org/mongodb/mongodb-driver/3.3.0/mongodb-driver-3.3.0.jar:/home/oncall/.m2/repository/org/mongodb/bson/3.3.0/bson-3.3.0.jar:/home/oncall/.m2/repository/org/mongodb/mongodb-driver-core/3.3.0/mongodb-driver-core-3.3.0.jar:/home/oncall/.m2/repository/org/apache/httpcomponents/httpmime/4.5.2/httpmime-4.5.2.jar:/home/oncall/.m2/repository/org/jsoup/jsoup/1.9.2/jsoup-1.9.2.jar:/home/oncall/.m2/repository/com/google/code/gson/gson/2.8.0/gson-2.8.0.jar:/home/oncall/.m2/repository/org/apache/commons/commons-lang3/3.0/commons-lang3-3.0.jar:/home/oncall/.m2/repository/commons-io/commons-io/1.3.2/commons-io-1.3.2.jar:/home/oncall/.m2/repository/log4j/log4j/1.2.17/log4j-1.2.17.jar:/home/oncall/.m2/repository/org/apache/maven/plugins/maven-compiler-plugin/3.8.1/maven-compiler-plugin-3.8.1.jar:/home/oncall/.m2/repository/org/apache/maven/maven-plugin-api/3.0/maven-plugin-api-3.0.jar:/home/oncall/.m2/repository/org/apache/maven/maven-model/3.0/maven-model-3.0.jar:/home/oncall/.m2/repository/org/sonatype/sisu/sisu-inject-plexus/1.4.2/sisu-inject-plexus-1.4.2.jar:/home/oncall/.m2/repository/org/sonatype/sisu/sisu-inject-bean/1.4.2/sisu-inject-bean-1.4.2.jar:/home/oncall/.m2/repository/org/sonatype/sisu/sisu-guice/2.1.7/sisu-guice-2.1.7-noaop.jar:/home/oncall/.m2/repository/org/apache/maven/maven-artifact/3.0/maven-artifact-3.0.jar:/home/oncall/.m2/repository/org/codehaus/plexus/plexus-utils/2.0.4/plexus-utils-2.0.4.jar:/home/oncall/.m2/repository/org/apache/maven/maven-core/3.0/maven-core-3.0.jar:/home/oncall/.m2/repository/org/apache/maven/maven-settings/3.0/maven-settings-3.0.jar:/home/oncall/.m2/repository/org/apache/maven/maven-settings-builder/3.0/maven-settings-builder-3.0.jar:/home/oncall/.m2/repository/org/apache/maven/maven-repository-metadata/3.0/maven-repository-metadata-3.0.jar:/home/oncall/.m2/repository/org/apache/maven/maven-model-builder/3.0/maven-model-builder-3.0.jar:/home/oncall/.m2/repository/org/apache/maven/maven-aether-provider/3.0/maven-aether-provider-3.0.jar:/home/oncall/.m2/repository/org/sonatype/aether/aether-impl/1.7/aether-impl-1.7.jar:/home/oncall/.m2/repository/org/sonatype/aether/aether-spi/1.7/aether-spi-1.7.jar:/home/oncall/.m2/repository/org/sonatype/aether/aether-api/1.7/aether-api-1.7.jar:/home/oncall/.m2/repository/org/sonatype/aether/aether-util/1.7/aether-util-1.7.jar:/home/oncall/.m2/repository/org/codehaus/plexus/plexus-interpolation/1.14/plexus-interpolation-1.14.jar:/home/oncall/.m2/repository/org/codehaus/plexus/plexus-classworlds/2.2.3/plexus-classworlds-2.2.3.jar:/home/oncall/.m2/repository/org/codehaus/plexus/plexus-component-annotations/1.5.5/plexus-component-annotations-1.5.5.jar:/home/oncall/.m2/repository/org/sonatype/plexus/plexus-sec-dispatcher/1.3/plexus-sec-dispatcher-1.3.jar:/home/oncall/.m2/repository/org/sonatype/plexus/plexus-cipher/1.4/plexus-cipher-1.4.jar:/home/oncall/.m2/repository/org/apache/maven/shared/maven-shared-utils/3.2.1/maven-shared-utils-3.2.1.jar:/home/oncall/.m2/repository/org/apache/maven/shared/maven-shared-incremental/1.1/maven-shared-incremental-1.1.jar:/home/oncall/.m2/repository/org/codehaus/plexus/plexus-java/0.9.10/plexus-java-0.9.10.jar:/home/oncall/.m2/repository/org/ow2/asm/asm/6.2/asm-6.2.jar:/home/oncall/.m2/repository/com/thoughtworks/qdox/qdox/2.0-M8/qdox-2.0-M8.jar:/home/oncall/.m2/repository/org/codehaus/plexus/plexus-compiler-api/2.8.4/plexus-compiler-api-2.8.4.jar:/home/oncall/.m2/repository/org/codehaus/plexus/plexus-compiler-manager/2.8.4/plexus-compiler-manager-2.8.4.jar:/home/oncall/.m2/repository/org/codehaus/plexus/plexus-compiler-javac/2.8.4/plexus-compiler-javac-2.8.4.jar:"/>
    <property name="java.vm.vendor" value="Oracle Corporation"/>
    <property name="sun.arch.data.model" value="64"/>
    <property name="java.vendor.url" value="http://java.oracle.com/"/>
    <property name="user.timezone" value="Asia/Kolkata"/>
    <property name="java.vm.specification.version" value="1.8"/>
    <property name="os.name" value="Linux"/>
    <property name="user.country" value="IN"/>
    <property name="sun.java.launcher" value="SUN_STANDARD"/>
    <property name="sun.boot.library.path" value="/usr/lib/jvm/java-8-openjdk-amd64/jre/lib/amd64"/>
    <property name="sun.java.command" value="/home/oncall/eclipse-workspace/flipkartAutomationV2/target/surefire/surefirebooter6238413627732018264.jar /home/oncall/eclipse-workspace/flipkartAutomationV2/target/surefire 2020-04-27T12-54-11_366-jvmRun1 surefire6291068662167383865tmp surefire_08753206963269646298tmp"/>
    <property name="surefire.test.class.path" value="/home/oncall/eclipse-workspace/flipkartAutomationV2/target/test-classes:/home/oncall/eclipse-workspace/flipkartAutomationV2/target/classes:/home/oncall/.m2/repository/junit/junit/3.8.1/junit-3.8.1.jar:/home/oncall/.m2/repository/org/seleniumhq/selenium/selenium-java/3.14.0/selenium-java-3.14.0.jar:/home/oncall/.m2/repository/org/seleniumhq/selenium/selenium-api/3.14.0/selenium-api-3.14.0.jar:/home/oncall/.m2/repository/org/seleniumhq/selenium/selenium-chrome-driver/3.14.0/selenium-chrome-driver-3.14.0.jar:/home/oncall/.m2/repository/org/seleniumhq/selenium/selenium-edge-driver/3.14.0/selenium-edge-driver-3.14.0.jar:/home/oncall/.m2/repository/org/seleniumhq/selenium/selenium-firefox-driver/3.14.0/selenium-firefox-driver-3.14.0.jar:/home/oncall/.m2/repository/org/seleniumhq/selenium/selenium-ie-driver/3.14.0/selenium-ie-driver-3.14.0.jar:/home/oncall/.m2/repository/org/seleniumhq/selenium/selenium-opera-driver/3.14.0/selenium-opera-driver-3.14.0.jar:/home/oncall/.m2/repository/org/seleniumhq/selenium/selenium-remote-driver/3.14.0/selenium-remote-driver-3.14.0.jar:/home/oncall/.m2/repository/org/seleniumhq/selenium/selenium-safari-driver/3.14.0/selenium-safari-driver-3.14.0.jar:/home/oncall/.m2/repository/org/seleniumhq/selenium/selenium-support/3.14.0/selenium-support-3.14.0.jar:/home/oncall/.m2/repository/net/bytebuddy/byte-buddy/1.8.15/byte-buddy-1.8.15.jar:/home/oncall/.m2/repository/org/apache/commons/commons-exec/1.3/commons-exec-1.3.jar:/home/oncall/.m2/repository/commons-codec/commons-codec/1.10/commons-codec-1.10.jar:/home/oncall/.m2/repository/commons-logging/commons-logging/1.2/commons-logging-1.2.jar:/home/oncall/.m2/repository/com/google/guava/guava/25.0-jre/guava-25.0-jre.jar:/home/oncall/.m2/repository/com/google/code/findbugs/jsr305/1.3.9/jsr305-1.3.9.jar:/home/oncall/.m2/repository/org/checkerframework/checker-compat-qual/2.0.0/checker-compat-qual-2.0.0.jar:/home/oncall/.m2/repository/com/google/errorprone/error_prone_annotations/2.1.3/error_prone_annotations-2.1.3.jar:/home/oncall/.m2/repository/com/google/j2objc/j2objc-annotations/1.1/j2objc-annotations-1.1.jar:/home/oncall/.m2/repository/org/codehaus/mojo/animal-sniffer-annotations/1.14/animal-sniffer-annotations-1.14.jar:/home/oncall/.m2/repository/org/apache/httpcomponents/httpclient/4.5.5/httpclient-4.5.5.jar:/home/oncall/.m2/repository/org/apache/httpcomponents/httpcore/4.4.9/httpcore-4.4.9.jar:/home/oncall/.m2/repository/com/squareup/okhttp3/okhttp/3.10.0/okhttp-3.10.0.jar:/home/oncall/.m2/repository/com/squareup/okio/okio/1.14.1/okio-1.14.1.jar:/home/oncall/.m2/repository/org/testng/testng/6.14.3/testng-6.14.3.jar:/home/oncall/.m2/repository/com/beust/jcommander/1.72/jcommander-1.72.jar:/home/oncall/.m2/repository/org/apache-extras/beanshell/bsh/2.0b6/bsh-2.0b6.jar:/home/oncall/.m2/repository/org/apache/poi/poi/3.17/poi-3.17.jar:/home/oncall/.m2/repository/org/apache/commons/commons-collections4/4.1/commons-collections4-4.1.jar:/home/oncall/.m2/repository/org/apache/poi/poi-ooxml/3.17/poi-ooxml-3.17.jar:/home/oncall/.m2/repository/org/apache/poi/poi-ooxml-schemas/3.17/poi-ooxml-schemas-3.17.jar:/home/oncall/.m2/repository/org/apache/xmlbeans/xmlbeans/2.6.0/xmlbeans-2.6.0.jar:/home/oncall/.m2/repository/stax/stax-api/1.0.1/stax-api-1.0.1.jar:/home/oncall/.m2/repository/com/github/virtuald/curvesapi/1.04/curvesapi-1.04.jar:/home/oncall/.m2/repository/com/aventstack/extentreports/3.1.2/extentreports-3.1.2.jar:/home/oncall/.m2/repository/org/freemarker/freemarker/2.3.23/freemarker-2.3.23.jar:/home/oncall/.m2/repository/org/mongodb/mongodb-driver/3.3.0/mongodb-driver-3.3.0.jar:/home/oncall/.m2/repository/org/mongodb/bson/3.3.0/bson-3.3.0.jar:/home/oncall/.m2/repository/org/mongodb/mongodb-driver-core/3.3.0/mongodb-driver-core-3.3.0.jar:/home/oncall/.m2/repository/org/apache/httpcomponents/httpmime/4.5.2/httpmime-4.5.2.jar:/home/oncall/.m2/repository/org/jsoup/jsoup/1.9.2/jsoup-1.9.2.jar:/home/oncall/.m2/repository/com/google/code/gson/gson/2.8.0/gson-2.8.0.jar:/home/oncall/.m2/repository/org/apache/commons/commons-lang3/3.0/commons-lang3-3.0.jar:/home/oncall/.m2/repository/commons-io/commons-io/1.3.2/commons-io-1.3.2.jar:/home/oncall/.m2/repository/log4j/log4j/1.2.17/log4j-1.2.17.jar:/home/oncall/.m2/repository/org/apache/maven/plugins/maven-compiler-plugin/3.8.1/maven-compiler-plugin-3.8.1.jar:/home/oncall/.m2/repository/org/apache/maven/maven-plugin-api/3.0/maven-plugin-api-3.0.jar:/home/oncall/.m2/repository/org/apache/maven/maven-model/3.0/maven-model-3.0.jar:/home/oncall/.m2/repository/org/sonatype/sisu/sisu-inject-plexus/1.4.2/sisu-inject-plexus-1.4.2.jar:/home/oncall/.m2/repository/org/sonatype/sisu/sisu-inject-bean/1.4.2/sisu-inject-bean-1.4.2.jar:/home/oncall/.m2/repository/org/sonatype/sisu/sisu-guice/2.1.7/sisu-guice-2.1.7-noaop.jar:/home/oncall/.m2/repository/org/apache/maven/maven-artifact/3.0/maven-artifact-3.0.jar:/home/oncall/.m2/repository/org/codehaus/plexus/plexus-utils/2.0.4/plexus-utils-2.0.4.jar:/home/oncall/.m2/repository/org/apache/maven/maven-core/3.0/maven-core-3.0.jar:/home/oncall/.m2/repository/org/apache/maven/maven-settings/3.0/maven-settings-3.0.jar:/home/oncall/.m2/repository/org/apache/maven/maven-settings-builder/3.0/maven-settings-builder-3.0.jar:/home/oncall/.m2/repository/org/apache/maven/maven-repository-metadata/3.0/maven-repository-metadata-3.0.jar:/home/oncall/.m2/repository/org/apache/maven/maven-model-builder/3.0/maven-model-builder-3.0.jar:/home/oncall/.m2/repository/org/apache/maven/maven-aether-provider/3.0/maven-aether-provider-3.0.jar:/home/oncall/.m2/repository/org/sonatype/aether/aether-impl/1.7/aether-impl-1.7.jar:/home/oncall/.m2/repository/org/sonatype/aether/aether-spi/1.7/aether-spi-1.7.jar:/home/oncall/.m2/repository/org/sonatype/aether/aether-api/1.7/aether-api-1.7.jar:/home/oncall/.m2/repository/org/sonatype/aether/aether-util/1.7/aether-util-1.7.jar:/home/oncall/.m2/repository/org/codehaus/plexus/plexus-interpolation/1.14/plexus-interpolation-1.14.jar:/home/oncall/.m2/repository/org/codehaus/plexus/plexus-classworlds/2.2.3/plexus-classworlds-2.2.3.jar:/home/oncall/.m2/repository/org/codehaus/plexus/plexus-component-annotations/1.5.5/plexus-component-annotations-1.5.5.jar:/home/oncall/.m2/repository/org/sonatype/plexus/plexus-sec-dispatcher/1.3/plexus-sec-dispatcher-1.3.jar:/home/oncall/.m2/repository/org/sonatype/plexus/plexus-cipher/1.4/plexus-cipher-1.4.jar:/home/oncall/.m2/repository/org/apache/maven/shared/maven-shared-utils/3.2.1/maven-shared-utils-3.2.1.jar:/home/oncall/.m2/repository/org/apache/maven/shared/maven-shared-incremental/1.1/maven-shared-incremental-1.1.jar:/home/oncall/.m2/repository/org/codehaus/plexus/plexus-java/0.9.10/plexus-java-0.9.10.jar:/home/oncall/.m2/repository/org/ow2/asm/asm/6.2/asm-6.2.jar:/home/oncall/.m2/repository/com/thoughtworks/qdox/qdox/2.0-M8/qdox-2.0-M8.jar:/home/oncall/.m2/repository/org/codehaus/plexus/plexus-compiler-api/2.8.4/plexus-compiler-api-2.8.4.jar:/home/oncall/.m2/repository/org/codehaus/plexus/plexus-compiler-manager/2.8.4/plexus-compiler-manager-2.8.4.jar:/home/oncall/.m2/repository/org/codehaus/plexus/plexus-compiler-javac/2.8.4/plexus-compiler-javac-2.8.4.jar:"/>
    <property name="sun.cpu.endian" value="little"/>
    <property name="user.home" value="/home/oncall"/>
    <property name="user.language" value="en"/>
    <property name="java.specification.vendor" value="Oracle Corporation"/>
    <property name="java.home" value="/usr/lib/jvm/java-8-openjdk-amd64/jre"/>
    <property name="basedir" value="/home/oncall/eclipse-workspace/flipkartAutomationV2"/>
    <property name="file.separator" value="/"/>
    <property name="line.separator" value="&#10;"/>
    <property name="java.vm.specification.vendor" value="Oracle Corporation"/>
    <property name="java.specification.name" value="Java Platform API Specification"/>
    <property name="java.awt.graphicsenv" value="sun.awt.X11GraphicsEnvironment"/>
    <property name="surefire.real.class.path" value="/home/oncall/eclipse-workspace/flipkartAutomationV2/target/surefire/surefirebooter6238413627732018264.jar"/>
    <property name="sun.boot.class.path" value="/usr/lib/jvm/java-8-openjdk-amd64/jre/lib/resources.jar:/usr/lib/jvm/java-8-openjdk-amd64/jre/lib/rt.jar:/usr/lib/jvm/java-8-openjdk-amd64/jre/lib/sunrsasign.jar:/usr/lib/jvm/java-8-openjdk-amd64/jre/lib/jsse.jar:/usr/lib/jvm/java-8-openjdk-amd64/jre/lib/jce.jar:/usr/lib/jvm/java-8-openjdk-amd64/jre/lib/charsets.jar:/usr/lib/jvm/java-8-openjdk-amd64/jre/lib/jfr.jar:/usr/lib/jvm/java-8-openjdk-amd64/jre/classes"/>
    <property name="sun.management.compiler" value="HotSpot 64-Bit Tiered Compilers"/>
    <property name="java.runtime.version" value="1.8.0_191-8u191-b12-0ubuntu0.16.04.1-b12"/>
    <property name="user.name" value="oncall"/>
    <property name="path.separator" value=":"/>
    <property name="os.version" value="4.15.0-29-generic"/>
    <property name="java.endorsed.dirs" value="/usr/lib/jvm/java-8-openjdk-amd64/jre/lib/endorsed"/>
    <property name="java.runtime.name" value="OpenJDK Runtime Environment"/>
    <property name="file.encoding" value="UTF-8"/>
    <property name="java.vm.name" value="OpenJDK 64-Bit Server VM"/>
    <property name="localRepository" value="/home/oncall/.m2/repository"/>
    <property name="java.vendor.url.bug" value="http://bugreport.sun.com/bugreport/"/>
    <property name="java.io.tmpdir" value="/tmp"/>
    <property name="java.version" value="1.8.0_191"/>
    <property name="user.dir" value="/home/oncall/eclipse-workspace/flipkartAutomationV2"/>
    <property name="os.arch" value="amd64"/>
    <property name="webdriver.gecko.driver" value="/home/oncall/Selenium/geckodriver"/>
    <property name="java.vm.specification.name" value="Java Virtual Machine Specification"/>
    <property name="java.awt.printerjob" value="sun.print.PSPrinterJob"/>
    <property name="sun.os.patch.level" value="unknown"/>
    <property name="java.library.path" value="/usr/java/packages/lib/amd64:/usr/lib/x86_64-linux-gnu/jni:/lib/x86_64-linux-gnu:/usr/lib/x86_64-linux-gnu:/usr/lib/jni:/lib:/usr/lib"/>
    <property name="java.vm.info" value="mixed mode"/>
    <property name="java.vendor" value="Oracle Corporation"/>
    <property name="java.vm.version" value="25.191-b12"/>
    <property name="java.ext.dirs" value="/usr/lib/jvm/java-8-openjdk-amd64/jre/lib/ext:/usr/java/packages/lib/ext"/>
    <property name="sun.io.unicode.encoding" value="UnicodeLittle"/>
    <property name="java.class.version" value="52.0"/>
  </properties>
  <testcase name="loginTest" classname="com.flipkartAutomationV2.testCases.TC_LoginWindow01" time="0.455"/>
  <testcase name="loginDDT" classname="com.flipkartAutomationV2.testCases.TC_LoginDDT02" time="15.617"/>
  <testcase name="loginDDT" classname="com.flipkartAutomationV2.testCases.TC_LoginDDT02" time="5.601">
    <failure message="expected [true] but found [false]" type="java.lang.AssertionError"><![CDATA[java.lang.AssertionError: expected [true] but found [false]
	at com.flipkartAutomationV2.testCases.TC_LoginDDT02.loginDDT(TC_LoginDDT02.java:38)
]]></failure>
    <system-out><![CDATA[Screenshot captured
]]></system-out>
  </testcase>
  <testcase name="loginDDT" classname="com.flipkartAutomationV2.testCases.TC_LoginDDT02" time="5.573">
    <failure message="expected [true] but found [false]" type="java.lang.AssertionError"><![CDATA[java.lang.AssertionError: expected [true] but found [false]
	at com.flipkartAutomationV2.testCases.TC_LoginDDT02.loginDDT(TC_LoginDDT02.java:38)
]]></failure>
    <system-out><![CDATA[Screenshot captured
]]></system-out>
  </testcase>
  <testcase name="loginDDT" classname="com.flipkartAutomationV2.testCases.TC_LoginDDT02" time="5.496">
    <failure message="expected [true] but found [false]" type="java.lang.AssertionError"><![CDATA[java.lang.AssertionError: expected [true] but found [false]
	at com.flipkartAutomationV2.testCases.TC_LoginDDT02.loginDDT(TC_LoginDDT02.java:38)
]]></failure>
    <system-out><![CDATA[Screenshot captured
]]></system-out>
  </testcase>
  <testcase name="loginDDT" classname="com.flipkartAutomationV2.testCases.TC_LoginDDT02" time="5.513">
    <failure message="expected [true] but found [false]" type="java.lang.AssertionError"><![CDATA[java.lang.AssertionError: expected [true] but found [false]
	at com.flipkartAutomationV2.testCases.TC_LoginDDT02.loginDDT(TC_LoginDDT02.java:38)
]]></failure>
    <system-out><![CDATA[Screenshot captured
]]></system-out>
  </testcase>
</testsuite>