<?xml version="1.0" encoding="UTF-8"?>
<!-- Generated by org.testng.reporters.JUnitReportReporter -->
<testsuite skipped="0" hostname="oncall-ThinkCentre-M93p" name="com.flipkartAutomationV2.testCases.TC_LoginWindow01" tests="1" failures="0" timestamp="27 Apr 2020 07:27:34 GMT" time="0.447" errors="0">
  <testcase name="loginTest" time="0.447" classname="com.flipkartAutomationV2.testCases.TC_LoginWindow01"/>
</testsuite> <!-- com.flipkartAutomationV2.testCases.TC_LoginWindow01 -->
